2018-06-25 21:08:18.942  INFO 7188 --- [main] com.demo.SpringBootWebApplication        : Starting SpringBootWebApplication on Sharif with PID 7188 (started by Ahmar in C:\Users\Ahmar\Desktop\New folder\Spring-Boot-FIle-Upload-Rest-Service)
2018-06-25 21:08:19.213  INFO 7188 --- [main] com.demo.SpringBootWebApplication        : No active profile set, falling back to default profiles: default
2018-06-25 21:08:19.359  INFO 7188 --- [main] ationConfigEmbeddedWebApplicationContext : Refreshing org.springframework.boot.context.embedded.AnnotationConfigEmbeddedWebApplicationContext@3cf237: startup date [Mon Jun 25 21:08:19 IST 2018]; root of context hierarchy
2018-06-25 21:08:23.213  INFO 7188 --- [main] trationDelegate$BeanPostProcessorChecker : Bean 'org.springframework.transaction.annotation.ProxyTransactionManagementConfiguration' of type [class org.springframework.transaction.annotation.ProxyTransactionManagementConfiguration$$EnhancerBySpringCGLIB$$bd1b5c19] is not eligible for getting processed by all BeanPostProcessors (for example: not eligible for auto-proxying)
2018-06-25 21:08:25.001  INFO 7188 --- [main] s.b.c.e.t.TomcatEmbeddedServletContainer : Tomcat initialized with port(s): 8080 (http)
2018-06-25 21:08:25.044  INFO 7188 --- [main] o.apache.catalina.core.StandardService   : Starting service Tomcat
2018-06-25 21:08:25.054  INFO 7188 --- [main] org.apache.catalina.core.StandardEngine  : Starting Servlet Engine: Apache Tomcat/8.5.6
2018-06-25 21:08:25.269  INFO 7188 --- [localhost-startStop-1] o.a.c.c.C.[Tomcat].[localhost].[/]       : Initializing Spring embedded WebApplicationContext
2018-06-25 21:08:25.284  INFO 7188 --- [localhost-startStop-1] o.s.web.context.ContextLoader            : Root WebApplicationContext: initialization completed in 5925 ms
2018-06-25 21:08:25.710  INFO 7188 --- [localhost-startStop-1] o.s.b.w.servlet.ServletRegistrationBean  : Mapping servlet: 'dispatcherServlet' to [/]
2018-06-25 21:08:25.725  INFO 7188 --- [localhost-startStop-1] o.s.b.w.servlet.FilterRegistrationBean   : Mapping filter: 'characterEncodingFilter' to: [/*]
2018-06-25 21:08:25.725  INFO 7188 --- [localhost-startStop-1] o.s.b.w.servlet.FilterRegistrationBean   : Mapping filter: 'hiddenHttpMethodFilter' to: [/*]
2018-06-25 21:08:25.741  INFO 7188 --- [localhost-startStop-1] o.s.b.w.servlet.FilterRegistrationBean   : Mapping filter: 'httpPutFormContentFilter' to: [/*]
2018-06-25 21:08:25.741  INFO 7188 --- [localhost-startStop-1] o.s.b.w.servlet.FilterRegistrationBean   : Mapping filter: 'requestContextFilter' to: [/*]
2018-06-25 21:08:26.459  INFO 7188 --- [main] j.LocalContainerEntityManagerFactoryBean : Building JPA container EntityManagerFactory for persistence unit 'default'
2018-06-25 21:08:26.512  INFO 7188 --- [main] o.hibernate.jpa.internal.util.LogHelper  : HHH000204: Processing PersistenceUnitInfo [
	name: default
	...]
2018-06-25 21:08:26.762  INFO 7188 --- [main] org.hibernate.Version                    : HHH000412: Hibernate Core {5.0.11.Final}
2018-06-25 21:08:26.762  INFO 7188 --- [main] org.hibernate.cfg.Environment            : HHH000206: hibernate.properties not found
2018-06-25 21:08:26.762  INFO 7188 --- [main] org.hibernate.cfg.Environment            : HHH000021: Bytecode provider name : javassist
2018-06-25 21:08:26.934  INFO 7188 --- [main] o.hibernate.annotations.common.Version   : HCANN000001: Hibernate Commons Annotations {5.0.1.Final}
2018-06-25 21:08:28.018  INFO 7188 --- [main] org.hibernate.dialect.Dialect            : HHH000400: Using dialect: org.hibernate.dialect.MySQL5Dialect
2018-06-25 21:08:29.603  INFO 7188 --- [main] j.LocalContainerEntityManagerFactoryBean : Initialized JPA EntityManagerFactory for persistence unit 'default'
2018-06-25 21:08:29.732  WARN 7188 --- [main] ationConfigEmbeddedWebApplicationContext : Exception encountered during context initialization - cancelling refresh attempt: org.springframework.beans.factory.UnsatisfiedDependencyException: Error creating bean with name 'restUploadController': Unsatisfied dependency expressed through field 'iFileUploadService'; nested exception is org.springframework.beans.factory.NoSuchBeanDefinitionException: No qualifying bean of type 'com.demo.service.IFileUploadService' available: expected at least 1 bean which qualifies as autowire candidate. Dependency annotations: {@org.springframework.beans.factory.annotation.Autowired(required=true)}
2018-06-25 21:08:29.748  INFO 7188 --- [main] j.LocalContainerEntityManagerFactoryBean : Closing JPA EntityManagerFactory for persistence unit 'default'
2018-06-25 21:08:29.763  INFO 7188 --- [main] o.apache.catalina.core.StandardService   : Stopping service Tomcat
2018-06-25 21:08:29.794  INFO 7188 --- [main] utoConfigurationReportLoggingInitializer : 

Error starting ApplicationContext. To display the auto-configuration report re-run your application with 'debug' enabled.
2018-06-25 21:08:30.107 ERROR 7188 --- [main] o.s.b.d.LoggingFailureAnalysisReporter   : 

***************************
APPLICATION FAILED TO START
***************************

Description:

Field iFileUploadService in com.demo.controller.RestUploadController required a bean of type 'com.demo.service.IFileUploadService' that could not be found.


Action:

Consider defining a bean of type 'com.demo.service.IFileUploadService' in your configuration.

2018-06-25 21:09:50.242  INFO 8292 --- [main] com.demo.SpringBootWebApplication        : Starting SpringBootWebApplication on Sharif with PID 8292 (started by Ahmar in C:\Users\Ahmar\Desktop\New folder\Spring-Boot-FIle-Upload-Rest-Service)
2018-06-25 21:09:50.253  INFO 8292 --- [main] com.demo.SpringBootWebApplication        : No active profile set, falling back to default profiles: default
2018-06-25 21:09:50.393  INFO 8292 --- [main] ationConfigEmbeddedWebApplicationContext : Refreshing org.springframework.boot.context.embedded.AnnotationConfigEmbeddedWebApplicationContext@81e077: startup date [Mon Jun 25 21:09:50 IST 2018]; root of context hierarchy
2018-06-25 21:09:54.721  INFO 8292 --- [main] trationDelegate$BeanPostProcessorChecker : Bean 'org.springframework.transaction.annotation.ProxyTransactionManagementConfiguration' of type [class org.springframework.transaction.annotation.ProxyTransactionManagementConfiguration$$EnhancerBySpringCGLIB$$41ab384d] is not eligible for getting processed by all BeanPostProcessors (for example: not eligible for auto-proxying)
2018-06-25 21:09:56.558  INFO 8292 --- [main] s.b.c.e.t.TomcatEmbeddedServletContainer : Tomcat initialized with port(s): 8080 (http)
2018-06-25 21:09:56.596  INFO 8292 --- [main] o.apache.catalina.core.StandardService   : Starting service Tomcat
2018-06-25 21:09:56.612  INFO 8292 --- [main] org.apache.catalina.core.StandardEngine  : Starting Servlet Engine: Apache Tomcat/8.5.6
2018-06-25 21:09:56.823  INFO 8292 --- [localhost-startStop-1] o.a.c.c.C.[Tomcat].[localhost].[/]       : Initializing Spring embedded WebApplicationContext
2018-06-25 21:09:56.823  INFO 8292 --- [localhost-startStop-1] o.s.web.context.ContextLoader            : Root WebApplicationContext: initialization completed in 6445 ms
2018-06-25 21:09:57.268  INFO 8292 --- [localhost-startStop-1] o.s.b.w.servlet.ServletRegistrationBean  : Mapping servlet: 'dispatcherServlet' to [/]
2018-06-25 21:09:57.284  INFO 8292 --- [localhost-startStop-1] o.s.b.w.servlet.FilterRegistrationBean   : Mapping filter: 'characterEncodingFilter' to: [/*]
2018-06-25 21:09:57.284  INFO 8292 --- [localhost-startStop-1] o.s.b.w.servlet.FilterRegistrationBean   : Mapping filter: 'hiddenHttpMethodFilter' to: [/*]
2018-06-25 21:09:57.300  INFO 8292 --- [localhost-startStop-1] o.s.b.w.servlet.FilterRegistrationBean   : Mapping filter: 'httpPutFormContentFilter' to: [/*]
2018-06-25 21:09:57.300  INFO 8292 --- [localhost-startStop-1] o.s.b.w.servlet.FilterRegistrationBean   : Mapping filter: 'requestContextFilter' to: [/*]
2018-06-25 21:09:57.972  INFO 8292 --- [main] j.LocalContainerEntityManagerFactoryBean : Building JPA container EntityManagerFactory for persistence unit 'default'
2018-06-25 21:09:58.019  INFO 8292 --- [main] o.hibernate.jpa.internal.util.LogHelper  : HHH000204: Processing PersistenceUnitInfo [
	name: default
	...]
2018-06-25 21:09:58.331  INFO 8292 --- [main] org.hibernate.Version                    : HHH000412: Hibernate Core {5.0.11.Final}
2018-06-25 21:09:58.331  INFO 8292 --- [main] org.hibernate.cfg.Environment            : HHH000206: hibernate.properties not found
2018-06-25 21:09:58.331  INFO 8292 --- [main] org.hibernate.cfg.Environment            : HHH000021: Bytecode provider name : javassist
2018-06-25 21:09:58.471  INFO 8292 --- [main] o.hibernate.annotations.common.Version   : HCANN000001: Hibernate Commons Annotations {5.0.1.Final}
2018-06-25 21:09:59.550  INFO 8292 --- [main] org.hibernate.dialect.Dialect            : HHH000400: Using dialect: org.hibernate.dialect.MySQL5Dialect
2018-06-25 21:10:01.112  INFO 8292 --- [main] j.LocalContainerEntityManagerFactoryBean : Initialized JPA EntityManagerFactory for persistence unit 'default'
2018-06-25 21:10:01.241  WARN 8292 --- [main] ationConfigEmbeddedWebApplicationContext : Exception encountered during context initialization - cancelling refresh attempt: org.springframework.beans.factory.UnsatisfiedDependencyException: Error creating bean with name 'restUploadController': Unsatisfied dependency expressed through field 'iFileUploadService'; nested exception is org.springframework.beans.factory.NoSuchBeanDefinitionException: No qualifying bean of type 'com.demo.service.FileUploadServiceImpl' available: expected at least 1 bean which qualifies as autowire candidate. Dependency annotations: {@org.springframework.beans.factory.annotation.Autowired(required=true)}
2018-06-25 21:10:01.249  INFO 8292 --- [main] j.LocalContainerEntityManagerFactoryBean : Closing JPA EntityManagerFactory for persistence unit 'default'
2018-06-25 21:10:01.268  INFO 8292 --- [main] o.apache.catalina.core.StandardService   : Stopping service Tomcat
2018-06-25 21:10:01.284  INFO 8292 --- [main] utoConfigurationReportLoggingInitializer : 

Error starting ApplicationContext. To display the auto-configuration report re-run your application with 'debug' enabled.
2018-06-25 21:10:01.627 ERROR 8292 --- [main] o.s.b.d.LoggingFailureAnalysisReporter   : 

***************************
APPLICATION FAILED TO START
***************************

Description:

Field iFileUploadService in com.demo.controller.RestUploadController required a bean of type 'com.demo.service.FileUploadServiceImpl' that could not be found.


Action:

Consider defining a bean of type 'com.demo.service.FileUploadServiceImpl' in your configuration.

2018-06-25 21:11:34.362  INFO 7880 --- [main] com.demo.SpringBootWebApplication        : Starting SpringBootWebApplication on Sharif with PID 7880 (started by Ahmar in C:\Users\Ahmar\Desktop\New folder\Spring-Boot-FIle-Upload-Rest-Service)
2018-06-25 21:11:34.378  INFO 7880 --- [main] com.demo.SpringBootWebApplication        : No active profile set, falling back to default profiles: default
2018-06-25 21:11:34.519  INFO 7880 --- [main] ationConfigEmbeddedWebApplicationContext : Refreshing org.springframework.boot.context.embedded.AnnotationConfigEmbeddedWebApplicationContext@1a499b5: startup date [Mon Jun 25 21:11:34 IST 2018]; root of context hierarchy
2018-06-25 21:11:38.471  INFO 7880 --- [main] trationDelegate$BeanPostProcessorChecker : Bean 'org.springframework.transaction.annotation.ProxyTransactionManagementConfiguration' of type [class org.springframework.transaction.annotation.ProxyTransactionManagementConfiguration$$EnhancerBySpringCGLIB$$a1584f40] is not eligible for getting processed by all BeanPostProcessors (for example: not eligible for auto-proxying)
2018-06-25 21:11:40.116  INFO 7880 --- [main] s.b.c.e.t.TomcatEmbeddedServletContainer : Tomcat initialized with port(s): 8080 (http)
2018-06-25 21:11:40.156  INFO 7880 --- [main] o.apache.catalina.core.StandardService   : Starting service Tomcat
2018-06-25 21:11:40.169  INFO 7880 --- [main] org.apache.catalina.core.StandardEngine  : Starting Servlet Engine: Apache Tomcat/8.5.6
2018-06-25 21:11:40.363  INFO 7880 --- [localhost-startStop-1] o.a.c.c.C.[Tomcat].[localhost].[/]       : Initializing Spring embedded WebApplicationContext
2018-06-25 21:11:40.378  INFO 7880 --- [localhost-startStop-1] o.s.web.context.ContextLoader            : Root WebApplicationContext: initialization completed in 5859 ms
2018-06-25 21:11:40.816  INFO 7880 --- [localhost-startStop-1] o.s.b.w.servlet.ServletRegistrationBean  : Mapping servlet: 'dispatcherServlet' to [/]
2018-06-25 21:11:40.832  INFO 7880 --- [localhost-startStop-1] o.s.b.w.servlet.FilterRegistrationBean   : Mapping filter: 'characterEncodingFilter' to: [/*]
2018-06-25 21:11:40.832  INFO 7880 --- [localhost-startStop-1] o.s.b.w.servlet.FilterRegistrationBean   : Mapping filter: 'hiddenHttpMethodFilter' to: [/*]
2018-06-25 21:11:40.847  INFO 7880 --- [localhost-startStop-1] o.s.b.w.servlet.FilterRegistrationBean   : Mapping filter: 'httpPutFormContentFilter' to: [/*]
2018-06-25 21:11:40.847  INFO 7880 --- [localhost-startStop-1] o.s.b.w.servlet.FilterRegistrationBean   : Mapping filter: 'requestContextFilter' to: [/*]
2018-06-25 21:11:41.523  INFO 7880 --- [main] j.LocalContainerEntityManagerFactoryBean : Building JPA container EntityManagerFactory for persistence unit 'default'
2018-06-25 21:11:41.580  INFO 7880 --- [main] o.hibernate.jpa.internal.util.LogHelper  : HHH000204: Processing PersistenceUnitInfo [
	name: default
	...]
2018-06-25 21:11:41.861  INFO 7880 --- [main] org.hibernate.Version                    : HHH000412: Hibernate Core {5.0.11.Final}
2018-06-25 21:11:41.877  INFO 7880 --- [main] org.hibernate.cfg.Environment            : HHH000206: hibernate.properties not found
2018-06-25 21:11:41.877  INFO 7880 --- [main] org.hibernate.cfg.Environment            : HHH000021: Bytecode provider name : javassist
2018-06-25 21:11:42.017  INFO 7880 --- [main] o.hibernate.annotations.common.Version   : HCANN000001: Hibernate Commons Annotations {5.0.1.Final}
2018-06-25 21:11:43.112  INFO 7880 --- [main] org.hibernate.dialect.Dialect            : HHH000400: Using dialect: org.hibernate.dialect.MySQL5Dialect
2018-06-25 21:11:44.641  INFO 7880 --- [main] j.LocalContainerEntityManagerFactoryBean : Initialized JPA EntityManagerFactory for persistence unit 'default'
2018-06-25 21:11:46.330  INFO 7880 --- [main] s.w.s.m.m.a.RequestMappingHandlerAdapter : Looking for @ControllerAdvice: org.springframework.boot.context.embedded.AnnotationConfigEmbeddedWebApplicationContext@1a499b5: startup date [Mon Jun 25 21:11:34 IST 2018]; root of context hierarchy
2018-06-25 21:11:46.651  INFO 7880 --- [main] s.w.s.m.m.a.RequestMappingHandlerMapping : Mapped "{[/api/upload/multiplefiles],methods=[POST]}" onto public org.springframework.http.ResponseEntity<?> com.demo.controller.RestUploadController.uploadFileMulti(org.springframework.web.multipart.MultipartFile[])
2018-06-25 21:11:46.651  INFO 7880 --- [main] s.w.s.m.m.a.RequestMappingHandlerMapping : Mapped "{[/api/fileupload],methods=[POST]}" onto public org.springframework.http.ResponseEntity<?> com.demo.controller.RestUploadController.uploadFile(org.springframework.web.multipart.MultipartFile,javax.servlet.http.HttpServletRequest)
2018-06-25 21:11:46.667  INFO 7880 --- [main] s.w.s.m.m.a.RequestMappingHandlerMapping : Mapped "{[/getFileUploadMetaData],methods=[GET]}" onto public org.springframework.http.ResponseEntity<?> com.demo.controller.RestUploadController.getAllDetails()
2018-06-25 21:11:46.682  INFO 7880 --- [main] s.w.s.m.m.a.RequestMappingHandlerMapping : Mapped "{[/error]}" onto public org.springframework.http.ResponseEntity<java.util.Map<java.lang.String, java.lang.Object>> org.springframework.boot.autoconfigure.web.BasicErrorController.error(javax.servlet.http.HttpServletRequest)
2018-06-25 21:11:46.682  INFO 7880 --- [main] s.w.s.m.m.a.RequestMappingHandlerMapping : Mapped "{[/error],produces=[text/html]}" onto public org.springframework.web.servlet.ModelAndView org.springframework.boot.autoconfigure.web.BasicErrorController.errorHtml(javax.servlet.http.HttpServletRequest,javax.servlet.http.HttpServletResponse)
2018-06-25 21:11:46.792  INFO 7880 --- [main] o.s.w.s.handler.SimpleUrlHandlerMapping  : Mapped URL path [/webjars/**] onto handler of type [class org.springframework.web.servlet.resource.ResourceHttpRequestHandler]
2018-06-25 21:11:46.792  INFO 7880 --- [main] o.s.w.s.handler.SimpleUrlHandlerMapping  : Mapped URL path [/**] onto handler of type [class org.springframework.web.servlet.resource.ResourceHttpRequestHandler]
2018-06-25 21:11:46.854  INFO 7880 --- [main] .m.m.a.ExceptionHandlerExceptionResolver : Detected @ExceptionHandler methods in restGlobalExceptionHandler
2018-06-25 21:11:46.923  INFO 7880 --- [main] o.s.w.s.handler.SimpleUrlHandlerMapping  : Mapped URL path [/**/favicon.ico] onto handler of type [class org.springframework.web.servlet.resource.ResourceHttpRequestHandler]
2018-06-25 21:11:48.045  INFO 7880 --- [main] o.s.j.e.a.AnnotationMBeanExporter        : Registering beans for JMX exposure on startup
2018-06-25 21:11:48.456  INFO 7880 --- [main] s.b.c.e.t.TomcatEmbeddedServletContainer : Tomcat started on port(s): 8080 (http)
2018-06-25 21:11:48.487  INFO 7880 --- [main] com.demo.SpringBootWebApplication        : Started SpringBootWebApplication in 15.344 seconds (JVM running for 29.328)
2018-06-25 21:12:08.847  INFO 7880 --- [http-nio-8080-exec-1] o.a.c.c.C.[Tomcat].[localhost].[/]       : Initializing Spring FrameworkServlet 'dispatcherServlet'
2018-06-25 21:12:08.858  INFO 7880 --- [http-nio-8080-exec-1] o.s.web.servlet.DispatcherServlet        : FrameworkServlet 'dispatcherServlet': initialization started
2018-06-25 21:12:08.898  INFO 7880 --- [http-nio-8080-exec-1] o.s.web.servlet.DispatcherServlet        : FrameworkServlet 'dispatcherServlet': initialization completed in 39 ms
2018-06-25 21:13:02.690  INFO 7880 --- [http-nio-8080-exec-1] c.demo.controller.RestUploadController   : Single file upload!
2018-06-25 21:13:03.261  INFO 7880 --- [http-nio-8080-exec-1] c.demo.controller.RestUploadController   : fileName : obsevable.png
2018-06-25 21:13:03.423  INFO 7880 --- [http-nio-8080-exec-1] c.demo.controller.RestUploadController   : contentType : image/png
2018-06-25 21:13:04.300  INFO 7880 --- [http-nio-8080-exec-1] c.demo.controller.RestUploadController   : contentSize : 172918
2018-06-25 21:15:29.754  INFO 7880 --- [http-nio-8080-exec-3] c.demo.controller.RestUploadController   : Single file upload!
2018-06-25 21:15:30.721  INFO 7880 --- [http-nio-8080-exec-3] c.demo.controller.RestUploadController   : fileName : obsevable.png
2018-06-25 21:15:31.315  INFO 7880 --- [http-nio-8080-exec-3] c.demo.controller.RestUploadController   : contentType : image/png
2018-06-25 21:15:31.834  INFO 7880 --- [http-nio-8080-exec-3] c.demo.controller.RestUploadController   : contentSize : 172918
2018-06-25 21:17:51.535  INFO 7776 --- [main] com.demo.SpringBootWebApplication        : Starting SpringBootWebApplication on Sharif with PID 7776 (started by Ahmar in C:\Users\Ahmar\Desktop\New folder\Spring-Boot-FIle-Upload-Rest-Service)
2018-06-25 21:17:51.552  INFO 7776 --- [main] com.demo.SpringBootWebApplication        : No active profile set, falling back to default profiles: default
2018-06-25 21:17:51.697  INFO 7776 --- [main] ationConfigEmbeddedWebApplicationContext : Refreshing org.springframework.boot.context.embedded.AnnotationConfigEmbeddedWebApplicationContext@17b7157: startup date [Mon Jun 25 21:17:51 IST 2018]; root of context hierarchy
2018-06-25 21:17:55.986  INFO 7776 --- [main] trationDelegate$BeanPostProcessorChecker : Bean 'org.springframework.transaction.annotation.ProxyTransactionManagementConfiguration' of type [class org.springframework.transaction.annotation.ProxyTransactionManagementConfiguration$$EnhancerBySpringCGLIB$$6920b10a] is not eligible for getting processed by all BeanPostProcessors (for example: not eligible for auto-proxying)
2018-06-25 21:17:57.593  INFO 7776 --- [main] s.b.c.e.t.TomcatEmbeddedServletContainer : Tomcat initialized with port(s): 8080 (http)
2018-06-25 21:17:57.623  INFO 7776 --- [main] o.apache.catalina.core.StandardService   : Starting service Tomcat
2018-06-25 21:17:57.628  INFO 7776 --- [main] org.apache.catalina.core.StandardEngine  : Starting Servlet Engine: Apache Tomcat/8.5.6
2018-06-25 21:17:57.843  INFO 7776 --- [localhost-startStop-1] o.a.c.c.C.[Tomcat].[localhost].[/]       : Initializing Spring embedded WebApplicationContext
2018-06-25 21:17:57.845  INFO 7776 --- [localhost-startStop-1] o.s.web.context.ContextLoader            : Root WebApplicationContext: initialization completed in 6148 ms
2018-06-25 21:17:58.275  INFO 7776 --- [localhost-startStop-1] o.s.b.w.servlet.ServletRegistrationBean  : Mapping servlet: 'dispatcherServlet' to [/]
2018-06-25 21:17:58.285  INFO 7776 --- [localhost-startStop-1] o.s.b.w.servlet.FilterRegistrationBean   : Mapping filter: 'characterEncodingFilter' to: [/*]
2018-06-25 21:17:58.286  INFO 7776 --- [localhost-startStop-1] o.s.b.w.servlet.FilterRegistrationBean   : Mapping filter: 'hiddenHttpMethodFilter' to: [/*]
2018-06-25 21:17:58.287  INFO 7776 --- [localhost-startStop-1] o.s.b.w.servlet.FilterRegistrationBean   : Mapping filter: 'httpPutFormContentFilter' to: [/*]
2018-06-25 21:17:58.288  INFO 7776 --- [localhost-startStop-1] o.s.b.w.servlet.FilterRegistrationBean   : Mapping filter: 'requestContextFilter' to: [/*]
2018-06-25 21:17:58.955  INFO 7776 --- [main] j.LocalContainerEntityManagerFactoryBean : Building JPA container EntityManagerFactory for persistence unit 'default'
2018-06-25 21:17:59.041  INFO 7776 --- [main] o.hibernate.jpa.internal.util.LogHelper  : HHH000204: Processing PersistenceUnitInfo [
	name: default
	...]
2018-06-25 21:17:59.292  INFO 7776 --- [main] org.hibernate.Version                    : HHH000412: Hibernate Core {5.0.11.Final}
2018-06-25 21:17:59.296  INFO 7776 --- [main] org.hibernate.cfg.Environment            : HHH000206: hibernate.properties not found
2018-06-25 21:17:59.302  INFO 7776 --- [main] org.hibernate.cfg.Environment            : HHH000021: Bytecode provider name : javassist
2018-06-25 21:17:59.438  INFO 7776 --- [main] o.hibernate.annotations.common.Version   : HCANN000001: Hibernate Commons Annotations {5.0.1.Final}
2018-06-25 21:18:00.501  INFO 7776 --- [main] org.hibernate.dialect.Dialect            : HHH000400: Using dialect: org.hibernate.dialect.MySQL5Dialect
2018-06-25 21:18:02.062  INFO 7776 --- [main] j.LocalContainerEntityManagerFactoryBean : Initialized JPA EntityManagerFactory for persistence unit 'default'
2018-06-25 21:18:03.759  INFO 7776 --- [main] s.w.s.m.m.a.RequestMappingHandlerAdapter : Looking for @ControllerAdvice: org.springframework.boot.context.embedded.AnnotationConfigEmbeddedWebApplicationContext@17b7157: startup date [Mon Jun 25 21:17:51 IST 2018]; root of context hierarchy
2018-06-25 21:18:04.001  INFO 7776 --- [main] s.w.s.m.m.a.RequestMappingHandlerMapping : Mapped "{[/api/fileupload],methods=[POST]}" onto public org.springframework.http.ResponseEntity<?> com.demo.controller.RestUploadController.uploadFile(org.springframework.web.multipart.MultipartFile,javax.servlet.http.HttpServletRequest)
2018-06-25 21:18:04.001  INFO 7776 --- [main] s.w.s.m.m.a.RequestMappingHandlerMapping : Mapped "{[/api/upload/multiplefiles],methods=[POST]}" onto public org.springframework.http.ResponseEntity<?> com.demo.controller.RestUploadController.uploadFileMulti(org.springframework.web.multipart.MultipartFile[])
2018-06-25 21:18:04.001  INFO 7776 --- [main] s.w.s.m.m.a.RequestMappingHandlerMapping : Mapped "{[/getFileUploadMetaData],methods=[GET]}" onto public org.springframework.http.ResponseEntity<?> com.demo.controller.RestUploadController.getAllDetails()
2018-06-25 21:18:04.018  INFO 7776 --- [main] s.w.s.m.m.a.RequestMappingHandlerMapping : Mapped "{[/error]}" onto public org.springframework.http.ResponseEntity<java.util.Map<java.lang.String, java.lang.Object>> org.springframework.boot.autoconfigure.web.BasicErrorController.error(javax.servlet.http.HttpServletRequest)
2018-06-25 21:18:04.019  INFO 7776 --- [main] s.w.s.m.m.a.RequestMappingHandlerMapping : Mapped "{[/error],produces=[text/html]}" onto public org.springframework.web.servlet.ModelAndView org.springframework.boot.autoconfigure.web.BasicErrorController.errorHtml(javax.servlet.http.HttpServletRequest,javax.servlet.http.HttpServletResponse)
2018-06-25 21:18:04.127  INFO 7776 --- [main] o.s.w.s.handler.SimpleUrlHandlerMapping  : Mapped URL path [/webjars/**] onto handler of type [class org.springframework.web.servlet.resource.ResourceHttpRequestHandler]
2018-06-25 21:18:04.127  INFO 7776 --- [main] o.s.w.s.handler.SimpleUrlHandlerMapping  : Mapped URL path [/**] onto handler of type [class org.springframework.web.servlet.resource.ResourceHttpRequestHandler]
2018-06-25 21:18:04.194  INFO 7776 --- [main] .m.m.a.ExceptionHandlerExceptionResolver : Detected @ExceptionHandler methods in restGlobalExceptionHandler
2018-06-25 21:18:04.280  INFO 7776 --- [main] o.s.w.s.handler.SimpleUrlHandlerMapping  : Mapped URL path [/**/favicon.ico] onto handler of type [class org.springframework.web.servlet.resource.ResourceHttpRequestHandler]
2018-06-25 21:18:05.392  INFO 7776 --- [main] o.s.j.e.a.AnnotationMBeanExporter        : Registering beans for JMX exposure on startup
2018-06-25 21:18:05.835  INFO 7776 --- [main] s.b.c.e.t.TomcatEmbeddedServletContainer : Tomcat started on port(s): 8080 (http)
2018-06-25 21:18:05.850  INFO 7776 --- [main] com.demo.SpringBootWebApplication        : Started SpringBootWebApplication in 15.572 seconds (JVM running for 30.066)
2018-06-25 21:18:44.760  INFO 7776 --- [http-nio-8080-exec-1] o.a.c.c.C.[Tomcat].[localhost].[/]       : Initializing Spring FrameworkServlet 'dispatcherServlet'
2018-06-25 21:18:44.763  INFO 7776 --- [http-nio-8080-exec-1] o.s.web.servlet.DispatcherServlet        : FrameworkServlet 'dispatcherServlet': initialization started
2018-06-25 21:18:44.841  INFO 7776 --- [http-nio-8080-exec-1] o.s.web.servlet.DispatcherServlet        : FrameworkServlet 'dispatcherServlet': initialization completed in 77 ms
2018-06-25 21:18:53.686  INFO 7776 --- [http-nio-8080-exec-1] c.demo.controller.RestUploadController   : Single file upload!
2018-06-25 21:18:54.231  INFO 7776 --- [http-nio-8080-exec-1] c.demo.controller.RestUploadController   : fileName : Resume.doc
2018-06-25 21:18:54.564  INFO 7776 --- [http-nio-8080-exec-1] c.demo.controller.RestUploadController   : contentType : application/msword
2018-06-25 21:18:55.099  INFO 7776 --- [http-nio-8080-exec-1] c.demo.controller.RestUploadController   : contentSize : 180224
2018-06-25 21:22:11.974  INFO 7776 --- [http-nio-8080-exec-3] o.h.h.i.QueryTranslatorFactoryInitiator  : HHH000397: Using ASTQueryTranslatorFactory
2018-06-25 21:49:36.155  INFO 6948 --- [main] com.demo.SpringBootWebApplication        : Starting SpringBootWebApplication on Sharif with PID 6948 (started by Ahmar in C:\Users\Ahmar\Desktop\New folder\Spring-Boot-FIle-Upload-Rest-Service)
2018-06-25 21:49:36.169  INFO 6948 --- [main] com.demo.SpringBootWebApplication        : No active profile set, falling back to default profiles: default
2018-06-25 21:49:36.291  INFO 6948 --- [main] ationConfigEmbeddedWebApplicationContext : Refreshing org.springframework.boot.context.embedded.AnnotationConfigEmbeddedWebApplicationContext@1daed22: startup date [Mon Jun 25 21:49:36 IST 2018]; root of context hierarchy
2018-06-25 21:49:40.274  INFO 6948 --- [main] trationDelegate$BeanPostProcessorChecker : Bean 'org.springframework.transaction.annotation.ProxyTransactionManagementConfiguration' of type [class org.springframework.transaction.annotation.ProxyTransactionManagementConfiguration$$EnhancerBySpringCGLIB$$eb73c28e] is not eligible for getting processed by all BeanPostProcessors (for example: not eligible for auto-proxying)
2018-06-25 21:49:41.884  INFO 6948 --- [main] s.b.c.e.t.TomcatEmbeddedServletContainer : Tomcat initialized with port(s): 8080 (http)
2018-06-25 21:49:41.913  INFO 6948 --- [main] o.apache.catalina.core.StandardService   : Starting service Tomcat
2018-06-25 21:49:41.917  INFO 6948 --- [main] org.apache.catalina.core.StandardEngine  : Starting Servlet Engine: Apache Tomcat/8.5.6
2018-06-25 21:49:42.124  INFO 6948 --- [localhost-startStop-1] o.a.c.c.C.[Tomcat].[localhost].[/]       : Initializing Spring embedded WebApplicationContext
2018-06-25 21:49:42.126  INFO 6948 --- [localhost-startStop-1] o.s.web.context.ContextLoader            : Root WebApplicationContext: initialization completed in 5835 ms
2018-06-25 21:49:42.587  INFO 6948 --- [localhost-startStop-1] o.s.b.w.servlet.ServletRegistrationBean  : Mapping servlet: 'dispatcherServlet' to [/]
2018-06-25 21:49:42.596  INFO 6948 --- [localhost-startStop-1] o.s.b.w.servlet.FilterRegistrationBean   : Mapping filter: 'characterEncodingFilter' to: [/*]
2018-06-25 21:49:42.597  INFO 6948 --- [localhost-startStop-1] o.s.b.w.servlet.FilterRegistrationBean   : Mapping filter: 'hiddenHttpMethodFilter' to: [/*]
2018-06-25 21:49:42.599  INFO 6948 --- [localhost-startStop-1] o.s.b.w.servlet.FilterRegistrationBean   : Mapping filter: 'httpPutFormContentFilter' to: [/*]
2018-06-25 21:49:42.600  INFO 6948 --- [localhost-startStop-1] o.s.b.w.servlet.FilterRegistrationBean   : Mapping filter: 'requestContextFilter' to: [/*]
2018-06-25 21:49:43.699  INFO 6948 --- [main] o.s.jdbc.datasource.init.ScriptUtils     : Executing SQL script from class path resource [upload-ddl.sql]
2018-06-25 21:49:47.520  INFO 6948 --- [main] o.s.jdbc.datasource.init.ScriptUtils     : Executed SQL script from class path resource [upload-ddl.sql] in 3819 ms.
2018-06-25 21:49:47.823  INFO 6948 --- [main] j.LocalContainerEntityManagerFactoryBean : Building JPA container EntityManagerFactory for persistence unit 'default'
2018-06-25 21:49:47.888  INFO 6948 --- [main] o.hibernate.jpa.internal.util.LogHelper  : HHH000204: Processing PersistenceUnitInfo [
	name: default
	...]
2018-06-25 21:49:48.156  INFO 6948 --- [main] org.hibernate.Version                    : HHH000412: Hibernate Core {5.0.11.Final}
2018-06-25 21:49:48.160  INFO 6948 --- [main] org.hibernate.cfg.Environment            : HHH000206: hibernate.properties not found
2018-06-25 21:49:48.165  INFO 6948 --- [main] org.hibernate.cfg.Environment            : HHH000021: Bytecode provider name : javassist
2018-06-25 21:49:48.312  INFO 6948 --- [main] o.hibernate.annotations.common.Version   : HCANN000001: Hibernate Commons Annotations {5.0.1.Final}
2018-06-25 21:49:48.784  INFO 6948 --- [main] org.hibernate.dialect.Dialect            : HHH000400: Using dialect: org.hibernate.dialect.MySQL5Dialect
2018-06-25 21:49:50.337  INFO 6948 --- [main] j.LocalContainerEntityManagerFactoryBean : Initialized JPA EntityManagerFactory for persistence unit 'default'
2018-06-25 21:49:51.983  INFO 6948 --- [main] s.w.s.m.m.a.RequestMappingHandlerAdapter : Looking for @ControllerAdvice: org.springframework.boot.context.embedded.AnnotationConfigEmbeddedWebApplicationContext@1daed22: startup date [Mon Jun 25 21:49:36 IST 2018]; root of context hierarchy
2018-06-25 21:49:52.280  INFO 6948 --- [main] s.w.s.m.m.a.RequestMappingHandlerMapping : Mapped "{[/api/multiplefiles],methods=[POST]}" onto public org.springframework.http.ResponseEntity<?> com.demo.controller.RestUploadController.uploadFileMulti(org.springframework.web.multipart.MultipartFile[])
2018-06-25 21:49:52.284  INFO 6948 --- [main] s.w.s.m.m.a.RequestMappingHandlerMapping : Mapped "{[/getFileUploadMetaData],methods=[GET]}" onto public org.springframework.http.ResponseEntity<?> com.demo.controller.RestUploadController.getAllDetails()
2018-06-25 21:49:52.287  INFO 6948 --- [main] s.w.s.m.m.a.RequestMappingHandlerMapping : Mapped "{[/api/fileupload],methods=[POST]}" onto public org.springframework.http.ResponseEntity<?> com.demo.controller.RestUploadController.uploadFile(org.springframework.web.multipart.MultipartFile,javax.servlet.http.HttpServletRequest)
2018-06-25 21:49:52.296  INFO 6948 --- [main] s.w.s.m.m.a.RequestMappingHandlerMapping : Mapped "{[/error]}" onto public org.springframework.http.ResponseEntity<java.util.Map<java.lang.String, java.lang.Object>> org.springframework.boot.autoconfigure.web.BasicErrorController.error(javax.servlet.http.HttpServletRequest)
2018-06-25 21:49:52.298  INFO 6948 --- [main] s.w.s.m.m.a.RequestMappingHandlerMapping : Mapped "{[/error],produces=[text/html]}" onto public org.springframework.web.servlet.ModelAndView org.springframework.boot.autoconfigure.web.BasicErrorController.errorHtml(javax.servlet.http.HttpServletRequest,javax.servlet.http.HttpServletResponse)
2018-06-25 21:49:52.419  INFO 6948 --- [main] o.s.w.s.handler.SimpleUrlHandlerMapping  : Mapped URL path [/webjars/**] onto handler of type [class org.springframework.web.servlet.resource.ResourceHttpRequestHandler]
2018-06-25 21:49:52.419  INFO 6948 --- [main] o.s.w.s.handler.SimpleUrlHandlerMapping  : Mapped URL path [/**] onto handler of type [class org.springframework.web.servlet.resource.ResourceHttpRequestHandler]
2018-06-25 21:49:52.478  INFO 6948 --- [main] .m.m.a.ExceptionHandlerExceptionResolver : Detected @ExceptionHandler methods in restGlobalExceptionHandler
2018-06-25 21:49:52.564  INFO 6948 --- [main] o.s.w.s.handler.SimpleUrlHandlerMapping  : Mapped URL path [/**/favicon.ico] onto handler of type [class org.springframework.web.servlet.resource.ResourceHttpRequestHandler]
2018-06-25 21:49:53.682  INFO 6948 --- [main] o.s.j.e.a.AnnotationMBeanExporter        : Registering beans for JMX exposure on startup
2018-06-25 21:49:54.098  INFO 6948 --- [main] s.b.c.e.t.TomcatEmbeddedServletContainer : Tomcat started on port(s): 8080 (http)
2018-06-25 21:49:54.113  INFO 6948 --- [main] com.demo.SpringBootWebApplication        : Started SpringBootWebApplication in 19.218 seconds (JVM running for 35.89)
2018-06-25 21:50:20.633  INFO 6948 --- [http-nio-8080-exec-1] o.a.c.c.C.[Tomcat].[localhost].[/]       : Initializing Spring FrameworkServlet 'dispatcherServlet'
2018-06-25 21:50:20.635  INFO 6948 --- [http-nio-8080-exec-1] o.s.web.servlet.DispatcherServlet        : FrameworkServlet 'dispatcherServlet': initialization started
2018-06-25 21:50:20.701  INFO 6948 --- [http-nio-8080-exec-1] o.s.web.servlet.DispatcherServlet        : FrameworkServlet 'dispatcherServlet': initialization completed in 65 ms
2018-06-25 21:50:20.936  INFO 6948 --- [http-nio-8080-exec-1] o.h.h.i.QueryTranslatorFactoryInitiator  : HHH000397: Using ASTQueryTranslatorFactory
2018-06-25 21:51:11.920  INFO 6948 --- [http-nio-8080-exec-3] c.demo.controller.RestUploadController   : Single file upload!
2018-06-25 21:51:11.922  INFO 6948 --- [http-nio-8080-exec-3] c.demo.controller.RestUploadController   : fileName : Resume.doc
2018-06-25 21:51:11.923  INFO 6948 --- [http-nio-8080-exec-3] c.demo.controller.RestUploadController   : contentType : application/msword
2018-06-25 21:51:11.925  INFO 6948 --- [http-nio-8080-exec-3] c.demo.controller.RestUploadController   : contentSize : 180224
2018-06-25 22:02:01.096  INFO 6948 --- [http-nio-8080-exec-2] c.demo.controller.RestUploadController   : Multiple file upload!
2018-06-25 22:02:30.954  INFO 6948 --- [http-nio-8080-exec-4] c.demo.controller.RestUploadController   : Multiple file upload!
